  [1m[35m (0.2ms)[0m  [1m[34mSELECT sqlite_version(*)[0m
  [1m[35m (114.7ms)[0m  [1m[35mCREATE TABLE "schema_migrations" ("version" varchar NOT NULL PRIMARY KEY)[0m
  [1m[35m (152.9ms)[0m  [1m[35mCREATE TABLE "ar_internal_metadata" ("key" varchar NOT NULL PRIMARY KEY, "value" varchar, "created_at" datetime NOT NULL, "updated_at" datetime NOT NULL)[0m
  [1m[35m (0.4ms)[0m  [1m[34mSELECT "schema_migrations"."version" FROM "schema_migrations" ORDER BY "schema_migrations"."version" ASC[0m
Migrating to CreateMessages (20170724212914)
  [1m[35m (0.2ms)[0m  [1m[36mbegin transaction[0m
  [1m[35m (2.6ms)[0m  [1m[35mCREATE TABLE "messages" ("id" INTEGER PRIMARY KEY AUTOINCREMENT NOT NULL, "title" varchar, "description" text, "created_at" datetime NOT NULL, "updated_at" datetime NOT NULL)[0m
  [1m[35mSQL (0.9ms)[0m  [1m[32mINSERT INTO "schema_migrations" ("version") VALUES (?)[0m  [["version", "20170724212914"]]
  [1m[35m (87.6ms)[0m  [1m[36mcommit transaction[0m
  [1m[36mActiveRecord::InternalMetadata Load (0.4ms)[0m  [1m[34mSELECT  "ar_internal_metadata".* FROM "ar_internal_metadata" WHERE "ar_internal_metadata"."key" = ? LIMIT ?[0m  [["key", "environment"], ["LIMIT", 1]]
  [1m[35m (0.1ms)[0m  [1m[36mbegin transaction[0m
  [1m[35mSQL (1.1ms)[0m  [1m[32mINSERT INTO "ar_internal_metadata" ("key", "value", "created_at", "updated_at") VALUES (?, ?, ?, ?)[0m  [["key", "environment"], ["value", "development"], ["created_at", "2017-07-24 21:30:05.642321"], ["updated_at", "2017-07-24 21:30:05.642321"]]
  [1m[35m (126.0ms)[0m  [1m[36mcommit transaction[0m
  [1m[35m (0.3ms)[0m  [1m[34mSELECT "schema_migrations"."version" FROM "schema_migrations" ORDER BY "schema_migrations"."version" ASC[0m
Started GET "/" for 127.0.0.1 at 2017-07-24 17:07:39 -0500
  [1m[35m (0.7ms)[0m  [1m[34mSELECT "schema_migrations"."version" FROM "schema_migrations" ORDER BY "schema_migrations"."version" ASC[0m
Processing by Rails::WelcomeController#index as HTML
  Rendering /var/lib/gems/2.3.0/gems/railties-5.1.2/lib/rails/templates/rails/welcome/index.html.erb
  Rendered /var/lib/gems/2.3.0/gems/railties-5.1.2/lib/rails/templates/rails/welcome/index.html.erb (14.4ms)
Completed 200 OK in 68ms (Views: 40.4ms | ActiveRecord: 0.0ms)


Started GET "/" for 127.0.0.1 at 2017-07-24 17:13:02 -0500
Processing by MessagesController#index as HTML
  Rendering messages/index.html.erb within layouts/application
  Rendered messages/index.html.erb within layouts/application (1.1ms)
Completed 200 OK in 2771ms (Views: 2762.2ms)


Started GET "/" for 127.0.0.1 at 2017-07-24 20:42:49 -0500
  [1m[35m (0.4ms)[0m  [1m[34mSELECT "schema_migrations"."version" FROM "schema_migrations" ORDER BY "schema_migrations"."version" ASC[0m
Processing by MessagesController#index as HTML
  Rendering messages/index.html.erb within layouts/application
  Rendered messages/index.html.erb within layouts/application (3.4ms)
Completed 200 OK in 1149ms (Views: 1125.4ms | ActiveRecord: 0.0ms)


Started GET "/" for 127.0.0.1 at 2017-07-24 20:43:09 -0500
Processing by MessagesController#index as HTML
  Rendering messages/index.html.erb within layouts/application
  Rendered messages/index.html.erb within layouts/application (2.7ms)
Completed 200 OK in 176ms (Views: 173.3ms | ActiveRecord: 0.0ms)


Started GET "/" for 127.0.0.1 at 2017-07-24 20:52:09 -0500
  [1m[35m (0.6ms)[0m  [1m[34mSELECT "schema_migrations"."version" FROM "schema_migrations" ORDER BY "schema_migrations"."version" ASC[0m
Processing by MessagesController#index as HTML
  Rendering messages/index.html.erb within layouts/application
  Rendered messages/index.html.erb within layouts/application (4.5ms)
Completed 200 OK in 671ms (Views: 648.0ms | ActiveRecord: 0.0ms)


Started GET "/messages/new" for 127.0.0.1 at 2017-07-24 20:52:18 -0500
Processing by MessagesController#new as HTML
  Rendering messages/new.html.erb within layouts/application
  Rendered messages/new.html.erb within layouts/application (0.7ms)
Completed 200 OK in 129ms (Views: 98.6ms | ActiveRecord: 1.9ms)


